<?xml version="1.0" encoding="UTF-8"?>
<coverage generated="1674093428146" clover="3.2.0">
  <project timestamp="1674093428146" name="All files">
    <metrics statements="142" coveredstatements="138" conditionals="25" coveredconditionals="18" methods="50" coveredmethods="43" elements="217" coveredelements="199" complexity="0" loc="142" ncloc="142" packages="5" files="8" classes="8"/>
    <package name="src">
      <metrics statements="16" coveredstatements="16" conditionals="0" coveredconditionals="0" methods="1" coveredmethods="1"/>
      <file name="index.ts" path="/Users/leandrobrunner/Documents/GitHub/leandrobrunner-sd/sidedrawer-sdk-js/src/index.ts">
        <metrics statements="16" coveredstatements="16" conditionals="0" coveredconditionals="0" methods="1" coveredmethods="1"/>
        <line num="1" count="3" type="stmt"/>
        <line num="3" count="3" type="stmt"/>
        <line num="5" count="3" type="stmt"/>
        <line num="6" count="3" type="stmt"/>
        <line num="12" count="3" type="stmt"/>
        <line num="17" count="3" type="stmt"/>
        <line num="19" count="3" type="stmt"/>
        <line num="20" count="3" type="stmt"/>
        <line num="24" count="3" type="stmt"/>
        <line num="26" count="3" type="stmt"/>
        <line num="27" count="3" type="stmt"/>
        <line num="28" count="3" type="stmt"/>
        <line num="29" count="3" type="stmt"/>
        <line num="30" count="3" type="stmt"/>
        <line num="31" count="3" type="stmt"/>
        <line num="32" count="3" type="stmt"/>
      </file>
    </package>
    <package name="src.core">
      <metrics statements="58" coveredstatements="55" conditionals="8" coveredconditionals="7" methods="20" coveredmethods="18"/>
      <file name="AxiosHttpService.ts" path="/Users/leandrobrunner/Documents/GitHub/leandrobrunner-sd/sidedrawer-sdk-js/src/core/AxiosHttpService.ts">
        <metrics statements="40" coveredstatements="38" conditionals="7" coveredconditionals="7" methods="15" coveredmethods="13"/>
        <line num="1" count="3" type="stmt"/>
        <line num="8" count="3" type="stmt"/>
        <line num="10" count="3" type="stmt"/>
        <line num="12" count="3" type="stmt"/>
        <line num="17" count="3" type="stmt"/>
        <line num="19" count="3" type="stmt"/>
        <line num="25" count="44" type="stmt"/>
        <line num="35" count="35" type="stmt"/>
        <line num="36" count="44" type="stmt"/>
        <line num="37" count="44" type="stmt"/>
        <line num="39" count="44" type="stmt"/>
        <line num="41" count="44" type="stmt"/>
        <line num="43" count="44" type="cond" truecount="1" falsecount="0"/>
        <line num="44" count="6" type="cond" truecount="2" falsecount="0"/>
        <line num="45" count="4" type="stmt"/>
        <line num="47" count="2" type="stmt"/>
        <line num="48" count="2" type="cond" truecount="1" falsecount="0"/>
        <line num="49" count="2" type="stmt"/>
        <line num="53" count="2" type="cond" truecount="1" falsecount="0"/>
        <line num="54" count="2" type="stmt"/>
        <line num="57" count="2" type="stmt"/>
        <line num="58" count="2" type="cond" truecount="1" falsecount="0"/>
        <line num="59" count="2" type="stmt"/>
        <line num="65" count="44" type="stmt"/>
        <line num="67" count="44" type="stmt"/>
        <line num="70" count="29" type="stmt"/>
        <line num="72" count="29" type="stmt"/>
        <line num="73" count="29" type="stmt"/>
        <line num="76" count="15" type="stmt"/>
        <line num="78" count="15" type="stmt"/>
        <line num="81" count="44" type="stmt"/>
        <line num="82" count="44" type="cond" truecount="1" falsecount="0"/>
        <line num="83" count="2" type="stmt"/>
        <line num="94" count="35" type="stmt"/>
        <line num="96" count="35" type="stmt"/>
        <line num="98" count="29" type="stmt"/>
        <line num="109" count="5" type="stmt"/>
        <line num="122" count="0" type="stmt"/>
        <line num="140" count="30" type="stmt"/>
        <line num="159" count="0" type="stmt"/>
      </file>
      <file name="Context.ts" path="/Users/leandrobrunner/Documents/GitHub/leandrobrunner-sd/sidedrawer-sdk-js/src/core/Context.ts">
        <metrics statements="15" coveredstatements="14" conditionals="1" coveredconditionals="0" methods="4" coveredmethods="4"/>
        <line num="1" count="3" type="stmt"/>
        <line num="10" count="3" type="stmt"/>
        <line num="12" count="3" type="stmt"/>
        <line num="17" count="3" type="stmt"/>
        <line num="22" count="3" type="stmt"/>
        <line num="27" count="3" type="stmt"/>
        <line num="32" count="3" type="stmt"/>
        <line num="41" count="3" type="stmt"/>
        <line num="49" count="1" type="stmt"/>
        <line num="54" count="9" type="stmt"/>
        <line num="59" count="1" type="stmt"/>
        <line num="61" count="1" type="cond" truecount="0" falsecount="1"/>
        <line num="62" count="0" type="stmt"/>
        <line num="65" count="1" type="stmt"/>
        <line num="69" count="3" type="stmt"/>
      </file>
      <file name="HttpService.ts" path="/Users/leandrobrunner/Documents/GitHub/leandrobrunner-sd/sidedrawer-sdk-js/src/core/HttpService.ts">
        <metrics statements="3" coveredstatements="3" conditionals="0" coveredconditionals="0" methods="1" coveredmethods="1"/>
        <line num="5" count="3" type="stmt"/>
        <line num="7" count="3" type="stmt"/>
        <line num="12" count="3" type="stmt"/>
      </file>
    </package>
    <package name="src.extensions.rxjs.internal">
      <metrics statements="8" coveredstatements="8" conditionals="2" coveredconditionals="2" methods="5" coveredmethods="5"/>
      <file name="Observable.ts" path="/Users/leandrobrunner/Documents/GitHub/leandrobrunner-sd/sidedrawer-sdk-js/src/extensions/rxjs/internal/Observable.ts">
        <metrics statements="8" coveredstatements="8" conditionals="2" coveredconditionals="2" methods="5" coveredmethods="5"/>
        <line num="1" count="4" type="stmt"/>
        <line num="7" count="4" type="stmt"/>
        <line num="11" count="8" type="stmt"/>
        <line num="18" count="8" type="stmt"/>
        <line num="21" count="4" type="stmt"/>
        <line num="24" count="5" type="cond" truecount="2" falsecount="0"/>
        <line num="30" count="4" type="stmt"/>
        <line num="33" count="1" type="stmt"/>
      </file>
    </package>
    <package name="src.modules">
      <metrics statements="57" coveredstatements="56" conditionals="13" coveredconditionals="7" methods="23" coveredmethods="18"/>
      <file name="Files.ts" path="/Users/leandrobrunner/Documents/GitHub/leandrobrunner-sd/sidedrawer-sdk-js/src/modules/Files.ts">
        <metrics statements="50" coveredstatements="49" conditionals="10" coveredconditionals="5" methods="17" coveredmethods="16"/>
        <line num="1" count="3" type="stmt"/>
        <line num="15" count="3" type="stmt"/>
        <line num="48" count="3" type="stmt"/>
        <line num="62" count="4" type="stmt"/>
        <line num="63" count="4" type="stmt"/>
        <line num="64" count="4" type="stmt"/>
        <line num="65" count="4" type="stmt"/>
        <line num="69" count="29" type="stmt"/>
        <line num="71" count="29" type="cond" truecount="1" falsecount="0"/>
        <line num="72" count="29" type="stmt"/>
        <line num="75" count="29" type="stmt"/>
        <line num="79" count="4" type="stmt"/>
        <line num="80" count="4" type="stmt"/>
        <line num="81" count="4" type="stmt"/>
        <line num="82" count="4" type="stmt"/>
        <line num="84" count="4" type="stmt"/>
        <line num="85" count="29" type="stmt"/>
        <line num="87" count="29" type="stmt"/>
        <line num="89" count="29" type="stmt"/>
        <line num="91" count="29" type="stmt"/>
        <line num="96" count="29" type="stmt"/>
        <line num="97" count="29" type="stmt"/>
        <line num="99" count="29" type="cond" truecount="2" falsecount="0"/>
        <line num="100" count="25" type="stmt"/>
        <line num="102" count="4" type="stmt"/>
        <line num="106" count="0" type="stmt"/>
        <line num="110" count="4" type="stmt"/>
        <line num="118" count="29" type="stmt"/>
        <line num="120" count="29" type="stmt"/>
        <line num="138" count="25" type="stmt"/>
        <line num="139" count="25" type="stmt"/>
        <line num="141" count="25" type="stmt"/>
        <line num="155" count="4" type="stmt"/>
        <line num="157" count="29" type="stmt"/>
        <line num="165" count="17" type="stmt"/>
        <line num="167" count="1" type="stmt"/>
        <line num="187" count="1" type="stmt"/>
        <line num="188" count="9" type="stmt"/>
        <line num="196" count="1" type="cond" truecount="1" falsecount="0"/>
        <line num="197" count="1" type="stmt"/>
        <line num="200" count="1" type="stmt"/>
        <line num="216" count="3" type="stmt"/>
        <line num="224" count="3" type="stmt"/>
        <line num="228" count="3" type="stmt"/>
        <line num="247" count="4" type="stmt"/>
        <line num="248" count="5" type="stmt"/>
        <line num="250" count="4" type="stmt"/>
        <line num="255" count="4" type="stmt"/>
        <line num="262" count="4" type="stmt"/>
        <line num="278" count="3" type="stmt"/>
      </file>
      <file name="Records.ts" path="/Users/leandrobrunner/Documents/GitHub/leandrobrunner-sd/sidedrawer-sdk-js/src/modules/Records.ts">
        <metrics statements="7" coveredstatements="7" conditionals="3" coveredconditionals="2" methods="6" coveredmethods="2"/>
        <line num="3" count="3" type="stmt"/>
        <line num="25" count="3" type="stmt"/>
        <line num="29" count="3" type="stmt"/>
        <line num="35" count="5" type="cond" truecount="1" falsecount="0"/>
        <line num="36" count="5" type="stmt"/>
        <line num="38" count="5" type="stmt"/>
        <line num="56" count="3" type="stmt"/>
      </file>
    </package>
    <package name="src.utils">
      <metrics statements="3" coveredstatements="3" conditionals="2" coveredconditionals="2" methods="1" coveredmethods="1"/>
      <file name="core.ts" path="/Users/leandrobrunner/Documents/GitHub/leandrobrunner-sd/sidedrawer-sdk-js/src/utils/core.ts">
        <metrics statements="3" coveredstatements="3" conditionals="2" coveredconditionals="2" methods="1" coveredmethods="1"/>
        <line num="4" count="3" type="stmt"/>
        <line num="7" count="3" type="stmt"/>
        <line num="8" count="1" type="stmt"/>
      </file>
    </package>
  </project>
</coverage>
