{"/Users/leandrobrunner/Documents/GitHub/leandrobrunner-sd/sidedrawer-sdk-js/src/index.ts": {"path":"/Users/leandrobrunner/Documents/GitHub/leandrobrunner-sd/sidedrawer-sdk-js/src/index.ts","statementMap":{"0":{"start":{"line":1,"column":0},"end":{"line":1,"column":47}},"1":{"start":{"line":3,"column":0},"end":{"line":3,"column":59}},"2":{"start":{"line":5,"column":0},"end":{"line":5,"column":36}},"3":{"start":{"line":6,"column":0},"end":{"line":6,"column":40}},"4":{"start":{"line":17,"column":20},"end":{"line":17,"column":39}},"5":{"start":{"line":19,"column":4},"end":{"line":19,"column":40}},"6":{"start":{"line":20,"column":4},"end":{"line":20,"column":36}},"7":{"start":{"line":12,"column":0},"end":{"line":12,"column":21}},"8":{"start":{"line":32,"column":9},"end":{"line":32,"column":19}},"9":{"start":{"line":24,"column":0},"end":{"line":24,"column":35}},"10":{"start":{"line":26,"column":0},"end":{"line":26,"column":31}},"11":{"start":{"line":27,"column":0},"end":{"line":27,"column":32}},"12":{"start":{"line":28,"column":0},"end":{"line":28,"column":34}},"13":{"start":{"line":29,"column":0},"end":{"line":29,"column":29}},"14":{"start":{"line":30,"column":0},"end":{"line":30,"column":30}},"15":{"start":{"line":31,"column":0},"end":{"line":31,"column":32}}},"fnMap":{"0":{"name":"(anonymous_0)","decl":{"start":{"line":16,"column":2},"end":{"line":16,"column":14}},"loc":{"start":{"line":16,"column":38},"end":{"line":21,"column":3}}}},"branchMap":{},"s":{"0":3,"1":3,"2":3,"3":3,"4":3,"5":3,"6":3,"7":3,"8":3,"9":3,"10":3,"11":3,"12":3,"13":3,"14":3,"15":3},"f":{"0":3},"b":{}}
,"/Users/leandrobrunner/Documents/GitHub/leandrobrunner-sd/sidedrawer-sdk-js/src/core/AxiosHttpService.ts": {"path":"/Users/leandrobrunner/Documents/GitHub/leandrobrunner-sd/sidedrawer-sdk-js/src/core/AxiosHttpService.ts","statementMap":{"0":{"start":{"line":1,"column":0},"end":{"line":1,"column":null}},"1":{"start":{"line":8,"column":0},"end":{"line":8,"column":49}},"2":{"start":{"line":10,"column":21},"end":{"line":10,"column":34}},"3":{"start":{"line":17,"column":41},"end":{"line":17,"column":61}},"4":{"start":{"line":19,"column":4},"end":{"line":21,"column":7}},"5":{"start":{"line":25,"column":4},"end":{"line":25,"column":48}},"6":{"start":{"line":35,"column":4},"end":{"line":86,"column":7}},"7":{"start":{"line":36,"column":25},"end":{"line":36,"column":46}},"8":{"start":{"line":37,"column":25},"end":{"line":37,"column":35}},"9":{"start":{"line":39,"column":22},"end":{"line":39,"column":26}},"10":{"start":{"line":41,"column":38},"end":{"line":41,"column":44}},"11":{"start":{"line":43,"column":6},"end":{"line":63,"column":null}},"12":{"start":{"line":44,"column":8},"end":{"line":62,"column":null}},"13":{"start":{"line":45,"column":10},"end":{"line":45,"column":29}},"14":{"start":{"line":47,"column":37},"end":{"line":51,"column":11}},"15":{"start":{"line":48,"column":12},"end":{"line":50,"column":null}},"16":{"start":{"line":49,"column":14},"end":{"line":49,"column":33}},"17":{"start":{"line":53,"column":10},"end":{"line":55,"column":null}},"18":{"start":{"line":54,"column":12},"end":{"line":54,"column":70}},"19":{"start":{"line":57,"column":10},"end":{"line":61,"column":13}},"20":{"start":{"line":58,"column":12},"end":{"line":60,"column":null}},"21":{"start":{"line":59,"column":14},"end":{"line":59,"column":75}},"22":{"start":{"line":65,"column":31},"end":{"line":65,"column":75}},"23":{"start":{"line":67,"column":6},"end":{"line":79,"column":11}},"24":{"start":{"line":70,"column":10},"end":{"line":70,"column":28}},"25":{"start":{"line":72,"column":10},"end":{"line":72,"column":36}},"26":{"start":{"line":73,"column":10},"end":{"line":73,"column":32}},"27":{"start":{"line":76,"column":10},"end":{"line":76,"column":28}},"28":{"start":{"line":78,"column":10},"end":{"line":78,"column":51}},"29":{"start":{"line":81,"column":6},"end":{"line":85,"column":8}},"30":{"start":{"line":82,"column":8},"end":{"line":84,"column":null}},"31":{"start":{"line":83,"column":10},"end":{"line":83,"column":29}},"32":{"start":{"line":94,"column":51},"end":{"line":94,"column":79}},"33":{"start":{"line":96,"column":4},"end":{"line":100,"column":6}},"34":{"start":{"line":98,"column":8},"end":{"line":98,"column":33}},"35":{"start":{"line":109,"column":4},"end":{"line":113,"column":7}},"36":{"start":{"line":122,"column":4},"end":{"line":126,"column":7}},"37":{"start":{"line":140,"column":4},"end":{"line":145,"column":7}},"38":{"start":{"line":159,"column":4},"end":{"line":164,"column":7}},"39":{"start":{"line":12,"column":0},"end":{"line":12,"column":21}}},"fnMap":{"0":{"name":"(anonymous_0)","decl":{"start":{"line":16,"column":2},"end":{"line":16,"column":14}},"loc":{"start":{"line":16,"column":41},"end":{"line":22,"column":3}}},"1":{"name":"(anonymous_1)","decl":{"start":{"line":24,"column":2},"end":{"line":24,"column":14}},"loc":{"start":{"line":24,"column":19},"end":{"line":26,"column":3}}},"2":{"name":"(anonymous_2)","decl":{"start":{"line":32,"column":10},"end":{"line":32,"column":25}},"loc":{"start":{"line":33,"column":30},"end":{"line":87,"column":3}}},"3":{"name":"(anonymous_3)","decl":{"start":{"line":35,"column":41},"end":{"line":35,"column":42}},"loc":{"start":{"line":35,"column":56},"end":{"line":86,"column":5}}},"4":{"name":"(anonymous_4)","decl":{"start":{"line":47,"column":37},"end":{"line":47,"column":40}},"loc":{"start":{"line":47,"column":42},"end":{"line":51,"column":11}}},"5":{"name":"(anonymous_5)","decl":{"start":{"line":57,"column":25},"end":{"line":57,"column":28}},"loc":{"start":{"line":57,"column":30},"end":{"line":61,"column":11}}},"6":{"name":"(anonymous_6)","decl":{"start":{"line":69,"column":14},"end":{"line":69,"column":15}},"loc":{"start":{"line":69,"column":27},"end":{"line":74,"column":9}}},"7":{"name":"(anonymous_7)","decl":{"start":{"line":75,"column":15},"end":{"line":75,"column":16}},"loc":{"start":{"line":75,"column":35},"end":{"line":79,"column":9}}},"8":{"name":"(anonymous_8)","decl":{"start":{"line":81,"column":13},"end":{"line":81,"column":16}},"loc":{"start":{"line":81,"column":18},"end":{"line":85,"column":7}}},"9":{"name":"(anonymous_9)","decl":{"start":{"line":93,"column":9},"end":{"line":93,"column":16}},"loc":{"start":{"line":93,"column":46},"end":{"line":101,"column":3}}},"10":{"name":"(anonymous_10)","decl":{"start":{"line":97,"column":16},"end":{"line":97,"column":17}},"loc":{"start":{"line":97,"column":47},"end":{"line":99,"column":7}}},"11":{"name":"(anonymous_11)","decl":{"start":{"line":108,"column":9},"end":{"line":108,"column":12}},"loc":{"start":{"line":108,"column":56},"end":{"line":114,"column":3}}},"12":{"name":"(anonymous_12)","decl":{"start":{"line":121,"column":9},"end":{"line":121,"column":15}},"loc":{"start":{"line":121,"column":59},"end":{"line":127,"column":3}}},"13":{"name":"(anonymous_13)","decl":{"start":{"line":135,"column":9},"end":{"line":135,"column":13}},"loc":{"start":{"line":138,"column":31},"end":{"line":146,"column":3}}},"14":{"name":"(anonymous_14)","decl":{"start":{"line":154,"column":9},"end":{"line":154,"column":12}},"loc":{"start":{"line":157,"column":31},"end":{"line":165,"column":3}}}},"branchMap":{"0":{"loc":{"start":{"line":43,"column":6},"end":{"line":63,"column":null}},"type":"if","locations":[{"start":{"line":43,"column":6},"end":{"line":63,"column":null}}]},"1":{"loc":{"start":{"line":44,"column":8},"end":{"line":62,"column":null}},"type":"if","locations":[{"start":{"line":44,"column":8},"end":{"line":62,"column":null}},{"start":{"line":46,"column":15},"end":{"line":62,"column":null}}]},"2":{"loc":{"start":{"line":48,"column":12},"end":{"line":50,"column":null}},"type":"if","locations":[{"start":{"line":48,"column":12},"end":{"line":50,"column":null}}]},"3":{"loc":{"start":{"line":53,"column":10},"end":{"line":55,"column":null}},"type":"if","locations":[{"start":{"line":53,"column":10},"end":{"line":55,"column":null}}]},"4":{"loc":{"start":{"line":58,"column":12},"end":{"line":60,"column":null}},"type":"if","locations":[{"start":{"line":58,"column":12},"end":{"line":60,"column":null}}]},"5":{"loc":{"start":{"line":82,"column":8},"end":{"line":84,"column":null}},"type":"if","locations":[{"start":{"line":82,"column":8},"end":{"line":84,"column":null}}]}},"s":{"0":3,"1":3,"2":3,"3":3,"4":3,"5":44,"6":35,"7":44,"8":44,"9":44,"10":44,"11":44,"12":6,"13":4,"14":2,"15":2,"16":2,"17":2,"18":2,"19":2,"20":2,"21":2,"22":44,"23":44,"24":29,"25":29,"26":29,"27":15,"28":15,"29":44,"30":44,"31":2,"32":35,"33":35,"34":29,"35":5,"36":0,"37":30,"38":0,"39":3},"f":{"0":3,"1":44,"2":35,"3":44,"4":2,"5":2,"6":29,"7":15,"8":44,"9":35,"10":29,"11":5,"12":0,"13":30,"14":0},"b":{"0":[6],"1":[4,2],"2":[2],"3":[2],"4":[2],"5":[2]}}
,"/Users/leandrobrunner/Documents/GitHub/leandrobrunner-sd/sidedrawer-sdk-js/src/core/Context.ts": {"path":"/Users/leandrobrunner/Documents/GitHub/leandrobrunner-sd/sidedrawer-sdk-js/src/core/Context.ts","statementMap":{"0":{"start":{"line":1,"column":0},"end":{"line":1,"column":40}},"1":{"start":{"line":10,"column":16},"end":{"line":10,"column":44}},"2":{"start":{"line":12,"column":24},"end":{"line":15,"column":2}},"3":{"start":{"line":17,"column":21},"end":{"line":17,"column":34}},"4":{"start":{"line":27,"column":31},"end":{"line":29,"column":null}},"5":{"start":{"line":32,"column":17},"end":{"line":39,"column":6}},"6":{"start":{"line":41,"column":4},"end":{"line":44,"column":7}},"7":{"start":{"line":49,"column":4},"end":{"line":49,"column":53}},"8":{"start":{"line":54,"column":4},"end":{"line":54,"column":39}},"9":{"start":{"line":59,"column":17},"end":{"line":59,"column":35}},"10":{"start":{"line":61,"column":4},"end":{"line":63,"column":null}},"11":{"start":{"line":62,"column":6},"end":{"line":62,"column":38}},"12":{"start":{"line":65,"column":4},"end":{"line":65,"column":18}},"13":{"start":{"line":22,"column":0},"end":{"line":22,"column":21}},"14":{"start":{"line":69,"column":9},"end":{"line":69,"column":16}}},"fnMap":{"0":{"name":"(anonymous_0)","decl":{"start":{"line":26,"column":2},"end":{"line":26,"column":14}},"loc":{"start":{"line":26,"column":38},"end":{"line":45,"column":3}}},"1":{"name":"(anonymous_1)","decl":{"start":{"line":48,"column":2},"end":{"line":48,"column":6}},"loc":{"start":{"line":48,"column":12},"end":{"line":50,"column":3}}},"2":{"name":"(anonymous_2)","decl":{"start":{"line":53,"column":2},"end":{"line":53,"column":6}},"loc":{"start":{"line":53,"column":10},"end":{"line":55,"column":3}}},"3":{"name":"(anonymous_3)","decl":{"start":{"line":58,"column":2},"end":{"line":58,"column":6}},"loc":{"start":{"line":58,"column":12},"end":{"line":66,"column":3}}}},"branchMap":{"0":{"loc":{"start":{"line":61,"column":4},"end":{"line":63,"column":null}},"type":"if","locations":[{"start":{"line":61,"column":4},"end":{"line":63,"column":null}}]}},"s":{"0":3,"1":3,"2":3,"3":3,"4":3,"5":3,"6":3,"7":1,"8":9,"9":1,"10":1,"11":0,"12":1,"13":3,"14":3},"f":{"0":3,"1":1,"2":9,"3":1},"b":{"0":[0]}}
,"/Users/leandrobrunner/Documents/GitHub/leandrobrunner-sd/sidedrawer-sdk-js/src/core/HttpService.ts": {"path":"/Users/leandrobrunner/Documents/GitHub/leandrobrunner-sd/sidedrawer-sdk-js/src/core/HttpService.ts","statementMap":{"0":{"start":{"line":5,"column":0},"end":{"line":5,"column":50}},"1":{"start":{"line":12,"column":4},"end":{"line":12,"column":18}},"2":{"start":{"line":7,"column":0},"end":{"line":7,"column":21}}},"fnMap":{"0":{"name":"(anonymous_0)","decl":{"start":{"line":11,"column":2},"end":{"line":11,"column":14}},"loc":{"start":{"line":11,"column":26},"end":{"line":13,"column":3}}}},"branchMap":{},"s":{"0":3,"1":3,"2":3},"f":{"0":3},"b":{}}
,"/Users/leandrobrunner/Documents/GitHub/leandrobrunner-sd/sidedrawer-sdk-js/src/extensions/rxjs/internal/Observable.ts": {"path":"/Users/leandrobrunner/Documents/GitHub/leandrobrunner-sd/sidedrawer-sdk-js/src/extensions/rxjs/internal/Observable.ts","statementMap":{"0":{"start":{"line":1,"column":0},"end":{"line":1,"column":29}},"1":{"start":{"line":7,"column":0},"end":{"line":28,"column":2}},"2":{"start":{"line":11,"column":2},"end":{"line":27,"column":4}},"3":{"start":{"line":18,"column":6},"end":{"line":25,"column":11}},"4":{"start":{"line":21,"column":10},"end":{"line":21,"column":45}},"5":{"start":{"line":24,"column":10},"end":{"line":24,"column":54}},"6":{"start":{"line":30,"column":0},"end":{"line":34,"column":2}},"7":{"start":{"line":33,"column":2},"end":{"line":33,"column":42}}},"fnMap":{"0":{"name":"(anonymous_0)","decl":{"start":{"line":7,"column":33},"end":{"line":7,"column":null}},"loc":{"start":{"line":9,"column":63},"end":{"line":28,"column":1}}},"1":{"name":"(anonymous_1)","decl":{"start":{"line":12,"column":4},"end":{"line":12,"column":null}},"loc":{"start":{"line":17,"column":8},"end":{"line":26,"column":5}}},"2":{"name":"(anonymous_2)","decl":{"start":{"line":20,"column":14},"end":{"line":20,"column":15}},"loc":{"start":{"line":20,"column":34},"end":{"line":22,"column":9}}},"3":{"name":"(anonymous_3)","decl":{"start":{"line":23,"column":15},"end":{"line":23,"column":16}},"loc":{"start":{"line":23,"column":37},"end":{"line":25,"column":9}}},"4":{"name":"(anonymous_4)","decl":{"start":{"line":30,"column":34},"end":{"line":30,"column":null}},"loc":{"start":{"line":31,"column":61},"end":{"line":34,"column":1}}}},"branchMap":{"0":{"loc":{"start":{"line":24,"column":18},"end":{"line":24,"column":38}},"type":"binary-expr","locations":[{"start":{"line":24,"column":18},"end":{"line":24,"column":28}},{"start":{"line":24,"column":32},"end":{"line":24,"column":38}}]}},"s":{"0":4,"1":4,"2":8,"3":8,"4":4,"5":5,"6":4,"7":1},"f":{"0":8,"1":8,"2":4,"3":5,"4":1},"b":{"0":[5,1]}}
,"/Users/leandrobrunner/Documents/GitHub/leandrobrunner-sd/sidedrawer-sdk-js/src/modules/Files.ts": {"path":"/Users/leandrobrunner/Documents/GitHub/leandrobrunner-sd/sidedrawer-sdk-js/src/modules/Files.ts","statementMap":{"0":{"start":{"line":1,"column":0},"end":{"line":1,"column":null}},"1":{"start":{"line":15,"column":0},"end":{"line":15,"column":64}},"2":{"start":{"line":48,"column":29},"end":{"line":48,"column":44}},"3":{"start":{"line":62,"column":4},"end":{"line":62,"column":35}},"4":{"start":{"line":63,"column":4},"end":{"line":63,"column":21}},"5":{"start":{"line":64,"column":4},"end":{"line":64,"column":37}},"6":{"start":{"line":65,"column":4},"end":{"line":65,"column":29}},"7":{"start":{"line":69,"column":36},"end":{"line":69,"column":40}},"8":{"start":{"line":71,"column":4},"end":{"line":73,"column":null}},"9":{"start":{"line":72,"column":6},"end":{"line":72,"column":39}},"10":{"start":{"line":75,"column":4},"end":{"line":75,"column":17}},"11":{"start":{"line":79,"column":4},"end":{"line":111,"column":7}},"12":{"start":{"line":80,"column":18},"end":{"line":80,"column":19}},"13":{"start":{"line":81,"column":16},"end":{"line":81,"column":17}},"14":{"start":{"line":82,"column":18},"end":{"line":82,"column":19}},"15":{"start":{"line":84,"column":24},"end":{"line":108,"column":7}},"16":{"start":{"line":85,"column":8},"end":{"line":85,"column":43}},"17":{"start":{"line":87,"column":21},"end":{"line":87,"column":48}},"18":{"start":{"line":89,"column":8},"end":{"line":107,"column":13}},"19":{"start":{"line":91,"column":12},"end":{"line":94,"column":44}},"20":{"start":{"line":96,"column":12},"end":{"line":96,"column":24}},"21":{"start":{"line":97,"column":12},"end":{"line":97,"column":23}},"22":{"start":{"line":99,"column":12},"end":{"line":103,"column":null}},"23":{"start":{"line":100,"column":14},"end":{"line":100,"column":26}},"24":{"start":{"line":102,"column":14},"end":{"line":102,"column":36}},"25":{"start":{"line":106,"column":12},"end":{"line":106,"column":34}},"26":{"start":{"line":110,"column":6},"end":{"line":110,"column":18}},"27":{"start":{"line":118,"column":39},"end":{"line":118,"column":43}},"28":{"start":{"line":120,"column":4},"end":{"line":143,"column":8}},"29":{"start":{"line":138,"column":10},"end":{"line":138,"column":43}},"30":{"start":{"line":139,"column":10},"end":{"line":139,"column":41}},"31":{"start":{"line":141,"column":10},"end":{"line":141,"column":40}},"32":{"start":{"line":155,"column":4},"end":{"line":175,"column":6}},"33":{"start":{"line":157,"column":8},"end":{"line":161,"column":10}},"34":{"start":{"line":165,"column":8},"end":{"line":165,"column":49}},"35":{"start":{"line":165,"column":30},"end":{"line":165,"column":47}},"36":{"start":{"line":167,"column":8},"end":{"line":173,"column":10}},"37":{"start":{"line":187,"column":23},"end":{"line":192,"column":6}},"38":{"start":{"line":188,"column":6},"end":{"line":191,"column":8}},"39":{"start":{"line":196,"column":4},"end":{"line":198,"column":null}},"40":{"start":{"line":197,"column":6},"end":{"line":197,"column":46}},"41":{"start":{"line":200,"column":4},"end":{"line":212,"column":6}},"42":{"start":{"line":216,"column":36},"end":{"line":219,"column":30}},"43":{"start":{"line":228,"column":4},"end":{"line":228,"column":27}},"44":{"start":{"line":248,"column":8},"end":{"line":248,"column":14}},"45":{"start":{"line":247,"column":16},"end":{"line":248,"column":8}},"46":{"start":{"line":250,"column":32},"end":{"line":252,"column":null}},"47":{"start":{"line":255,"column":26},"end":{"line":260,"column":6}},"48":{"start":{"line":262,"column":4},"end":{"line":274,"column":7}},"49":{"start":{"line":224,"column":0},"end":{"line":224,"column":21}},"50":{"start":{"line":278,"column":9},"end":{"line":278,"column":14}}},"fnMap":{"0":{"name":"(anonymous_0)","decl":{"start":{"line":56,"column":2},"end":{"line":56,"column":14}},"loc":{"start":{"line":61,"column":24},"end":{"line":66,"column":3}}},"1":{"name":"(anonymous_1)","decl":{"start":{"line":68,"column":16},"end":{"line":68,"column":24}},"loc":{"start":{"line":68,"column":35},"end":{"line":76,"column":null}}},"2":{"name":"(anonymous_3)","decl":{"start":{"line":78,"column":10},"end":{"line":78,"column":22}},"loc":{"start":{"line":78,"column":22},"end":{"line":112,"column":3}}},"3":{"name":"(anonymous_4)","decl":{"start":{"line":79,"column":46},"end":{"line":79,"column":47}},"loc":{"start":{"line":79,"column":61},"end":{"line":111,"column":5}}},"4":{"name":"(anonymous_5)","decl":{"start":{"line":84,"column":24},"end":{"line":84,"column":27}},"loc":{"start":{"line":84,"column":29},"end":{"line":108,"column":7}}},"5":{"name":"(anonymous_6)","decl":{"start":{"line":90,"column":16},"end":{"line":90,"column":17}},"loc":{"start":{"line":90,"column":26},"end":{"line":104,"column":11}}},"6":{"name":"(anonymous_7)","decl":{"start":{"line":105,"column":17},"end":{"line":105,"column":18}},"loc":{"start":{"line":105,"column":25},"end":{"line":107,"column":11}}},"7":{"name":"(anonymous_8)","decl":{"start":{"line":114,"column":10},"end":{"line":114,"column":21}},"loc":{"start":{"line":116,"column":24},"end":{"line":144,"column":3}}},"8":{"name":"(anonymous_9)","decl":{"start":{"line":137,"column":18},"end":{"line":137,"column":19}},"loc":{"start":{"line":137,"column":38},"end":{"line":142,"column":9}}},"9":{"name":"(anonymous_10)","decl":{"start":{"line":146,"column":9},"end":{"line":146,"column":15}},"loc":{"start":{"line":154,"column":3},"end":{"line":176,"column":3}}},"10":{"name":"(anonymous_11)","decl":{"start":{"line":156,"column":15},"end":{"line":156,"column":16}},"loc":{"start":{"line":156,"column":25},"end":{"line":162,"column":7}}},"11":{"name":"(anonymous_12)","decl":{"start":{"line":164,"column":16},"end":{"line":164,"column":17}},"loc":{"start":{"line":164,"column":49},"end":{"line":174,"column":7}}},"12":{"name":"(anonymous_13)","decl":{"start":{"line":165,"column":20},"end":{"line":165,"column":21}},"loc":{"start":{"line":165,"column":30},"end":{"line":165,"column":47}}},"13":{"name":"(anonymous_14)","decl":{"start":{"line":178,"column":10},"end":{"line":178,"column":22}},"loc":{"start":{"line":186,"column":3},"end":{"line":213,"column":3}}},"14":{"name":"(anonymous_15)","decl":{"start":{"line":187,"column":34},"end":{"line":187,"column":35}},"loc":{"start":{"line":187,"column":54},"end":{"line":192,"column":5}}},"15":{"name":"(anonymous_16)","decl":{"start":{"line":227,"column":2},"end":{"line":227,"column":14}},"loc":{"start":{"line":227,"column":30},"end":{"line":229,"column":3}}},"16":{"name":"(anonymous_17)","decl":{"start":{"line":234,"column":9},"end":{"line":234,"column":15}},"loc":{"start":{"line":234,"column":69},"end":{"line":275,"column":3}}}},"branchMap":{"0":{"loc":{"start":{"line":71,"column":4},"end":{"line":73,"column":null}},"type":"if","locations":[{"start":{"line":71,"column":4},"end":{"line":73,"column":null}}]},"1":{"loc":{"start":{"line":99,"column":12},"end":{"line":103,"column":null}},"type":"if","locations":[{"start":{"line":99,"column":12},"end":{"line":103,"column":null}},{"start":{"line":101,"column":19},"end":{"line":103,"column":null}}]},"2":{"loc":{"start":{"line":196,"column":4},"end":{"line":198,"column":null}},"type":"if","locations":[{"start":{"line":196,"column":4},"end":{"line":198,"column":null}}]},"3":{"loc":{"start":{"line":236,"column":6},"end":{"line":236,"column":47}},"type":"default-arg","locations":[{"start":{"line":236,"column":21},"end":{"line":236,"column":47}}]},"4":{"loc":{"start":{"line":237,"column":6},"end":{"line":237,"column":39}},"type":"default-arg","locations":[{"start":{"line":237,"column":17},"end":{"line":237,"column":39}}]},"5":{"loc":{"start":{"line":238,"column":6},"end":{"line":238,"column":31}},"type":"default-arg","locations":[{"start":{"line":238,"column":13},"end":{"line":238,"column":31}}]},"6":{"loc":{"start":{"line":239,"column":6},"end":{"line":239,"column":39}},"type":"default-arg","locations":[{"start":{"line":239,"column":17},"end":{"line":239,"column":39}}]},"7":{"loc":{"start":{"line":240,"column":6},"end":{"line":240,"column":45}},"type":"default-arg","locations":[{"start":{"line":240,"column":20},"end":{"line":240,"column":45}}]},"8":{"loc":{"start":{"line":241,"column":6},"end":{"line":241,"column":39}},"type":"default-arg","locations":[{"start":{"line":241,"column":17},"end":{"line":241,"column":39}}]}},"s":{"0":3,"1":3,"2":3,"3":4,"4":4,"5":4,"6":4,"7":29,"8":29,"9":29,"10":29,"11":4,"12":4,"13":4,"14":4,"15":4,"16":29,"17":29,"18":29,"19":29,"20":29,"21":29,"22":29,"23":25,"24":4,"25":0,"26":4,"27":29,"28":29,"29":25,"30":25,"31":25,"32":4,"33":29,"34":1,"35":17,"36":1,"37":1,"38":9,"39":1,"40":1,"41":1,"42":3,"43":3,"44":5,"45":4,"46":4,"47":4,"48":4,"49":3,"50":3},"f":{"0":4,"1":29,"2":4,"3":4,"4":29,"5":29,"6":0,"7":29,"8":25,"9":4,"10":29,"11":1,"12":17,"13":1,"14":9,"15":3,"16":5},"b":{"0":[29],"1":[25,4],"2":[1],"3":[1],"4":[0],"5":[0],"6":[0],"7":[0],"8":[0]}}
,"/Users/leandrobrunner/Documents/GitHub/leandrobrunner-sd/sidedrawer-sdk-js/src/modules/Records.ts": {"path":"/Users/leandrobrunner/Documents/GitHub/leandrobrunner-sd/sidedrawer-sdk-js/src/modules/Records.ts","statementMap":{"0":{"start":{"line":3,"column":0},"end":{"line":3,"column":43}},"1":{"start":{"line":29,"column":4},"end":{"line":29,"column":27}},"2":{"start":{"line":35,"column":32},"end":{"line":35,"column":null}},"3":{"start":{"line":36,"column":18},"end":{"line":37,"column":33}},"4":{"start":{"line":38,"column":4},"end":{"line":47,"column":6}},"5":{"start":{"line":25,"column":0},"end":{"line":25,"column":21}},"6":{"start":{"line":56,"column":9},"end":{"line":56,"column":16}}},"fnMap":{"0":{"name":"(anonymous_0)","decl":{"start":{"line":28,"column":2},"end":{"line":28,"column":14}},"loc":{"start":{"line":28,"column":30},"end":{"line":30,"column":3}}},"1":{"name":"(anonymous_1)","decl":{"start":{"line":32,"column":9},"end":{"line":32,"column":15}},"loc":{"start":{"line":37,"column":33},"end":{"line":48,"column":3}}},"2":{"name":"(anonymous_2)","decl":{"start":{"line":50,"column":9},"end":{"line":50,"column":15}},"loc":{"start":{"line":50,"column":15},"end":{"line":50,"column":20}}},"3":{"name":"(anonymous_3)","decl":{"start":{"line":51,"column":9},"end":{"line":51,"column":15}},"loc":{"start":{"line":51,"column":15},"end":{"line":51,"column":20}}},"4":{"name":"(anonymous_4)","decl":{"start":{"line":52,"column":9},"end":{"line":52,"column":15}},"loc":{"start":{"line":52,"column":15},"end":{"line":52,"column":20}}},"5":{"name":"(anonymous_5)","decl":{"start":{"line":53,"column":9},"end":{"line":53,"column":15}},"loc":{"start":{"line":53,"column":15},"end":{"line":53,"column":20}}}},"branchMap":{"0":{"loc":{"start":{"line":33,"column":4},"end":{"line":33,"column":45}},"type":"default-arg","locations":[{"start":{"line":33,"column":19},"end":{"line":33,"column":45}}]},"1":{"loc":{"start":{"line":34,"column":4},"end":{"line":34,"column":27}},"type":"default-arg","locations":[{"start":{"line":34,"column":22},"end":{"line":34,"column":27}}]},"2":{"loc":{"start":{"line":35,"column":4},"end":{"line":35,"column":32}},"type":"default-arg","locations":[{"start":{"line":35,"column":13},"end":{"line":35,"column":32}}]}},"s":{"0":3,"1":3,"2":5,"3":5,"4":5,"5":3,"6":3},"f":{"0":3,"1":5,"2":0,"3":0,"4":0,"5":0},"b":{"0":[0],"1":[1],"2":[1]}}
,"/Users/leandrobrunner/Documents/GitHub/leandrobrunner-sd/sidedrawer-sdk-js/src/utils/core.ts": {"path":"/Users/leandrobrunner/Documents/GitHub/leandrobrunner-sd/sidedrawer-sdk-js/src/utils/core.ts","statementMap":{"0":{"start":{"line":4,"column":13},"end":{"line":5,"column":63}},"1":{"start":{"line":8,"column":2},"end":{"line":8,"column":42}},"2":{"start":{"line":7,"column":0},"end":{"line":7,"column":16}}},"fnMap":{"0":{"name":"isRequired","decl":{"start":{"line":7,"column":16},"end":{"line":7,"column":26}},"loc":{"start":{"line":7,"column":39},"end":{"line":9,"column":1}}}},"branchMap":{"0":{"loc":{"start":{"line":5,"column":2},"end":{"line":5,"column":62}},"type":"binary-expr","locations":[{"start":{"line":5,"column":2},"end":{"line":5,"column":29}},{"start":{"line":5,"column":33},"end":{"line":5,"column":62}}]}},"s":{"0":3,"1":1,"2":3},"f":{"0":1},"b":{"0":[3,3]}}
}
