TN:
SF:src/index.ts
FN:16,(anonymous_0)
FNF:1
FNH:1
FNDA:3,(anonymous_0)
DA:1,3
DA:3,3
DA:5,3
DA:6,3
DA:12,3
DA:17,3
DA:19,3
DA:20,3
DA:24,3
DA:26,3
DA:27,3
DA:28,3
DA:29,3
DA:30,3
DA:31,3
DA:32,3
LF:16
LH:16
BRF:0
BRH:0
end_of_record
TN:
SF:src/core/AxiosHttpService.ts
FN:16,(anonymous_0)
FN:24,(anonymous_1)
FN:32,(anonymous_2)
FN:35,(anonymous_3)
FN:47,(anonymous_4)
FN:57,(anonymous_5)
FN:69,(anonymous_6)
FN:75,(anonymous_7)
FN:81,(anonymous_8)
FN:93,(anonymous_9)
FN:97,(anonymous_10)
FN:108,(anonymous_11)
FN:121,(anonymous_12)
FN:135,(anonymous_13)
FN:154,(anonymous_14)
FNF:15
FNH:13
FNDA:3,(anonymous_0)
FNDA:44,(anonymous_1)
FNDA:35,(anonymous_2)
FNDA:44,(anonymous_3)
FNDA:2,(anonymous_4)
FNDA:2,(anonymous_5)
FNDA:29,(anonymous_6)
FNDA:15,(anonymous_7)
FNDA:44,(anonymous_8)
FNDA:35,(anonymous_9)
FNDA:29,(anonymous_10)
FNDA:5,(anonymous_11)
FNDA:0,(anonymous_12)
FNDA:30,(anonymous_13)
FNDA:0,(anonymous_14)
DA:1,3
DA:8,3
DA:10,3
DA:12,3
DA:17,3
DA:19,3
DA:25,44
DA:35,35
DA:36,44
DA:37,44
DA:39,44
DA:41,44
DA:43,44
DA:44,6
DA:45,4
DA:47,2
DA:48,2
DA:49,2
DA:53,2
DA:54,2
DA:57,2
DA:58,2
DA:59,2
DA:65,44
DA:67,44
DA:70,29
DA:72,29
DA:73,29
DA:76,15
DA:78,15
DA:81,44
DA:82,44
DA:83,2
DA:94,35
DA:96,35
DA:98,29
DA:109,5
DA:122,0
DA:140,30
DA:159,0
LF:40
LH:38
BRDA:43,0,0,6
BRDA:44,1,0,4
BRDA:44,1,1,2
BRDA:48,2,0,2
BRDA:53,3,0,2
BRDA:58,4,0,2
BRDA:82,5,0,2
BRF:7
BRH:7
end_of_record
TN:
SF:src/core/Context.ts
FN:26,(anonymous_0)
FN:48,(anonymous_1)
FN:53,(anonymous_2)
FN:58,(anonymous_3)
FNF:4
FNH:4
FNDA:3,(anonymous_0)
FNDA:1,(anonymous_1)
FNDA:9,(anonymous_2)
FNDA:1,(anonymous_3)
DA:1,3
DA:10,3
DA:12,3
DA:17,3
DA:22,3
DA:27,3
DA:32,3
DA:41,3
DA:49,1
DA:54,9
DA:59,1
DA:61,1
DA:62,0
DA:65,1
DA:69,3
LF:15
LH:14
BRDA:61,0,0,0
BRF:1
BRH:0
end_of_record
TN:
SF:src/core/HttpService.ts
FN:11,(anonymous_0)
FNF:1
FNH:1
FNDA:3,(anonymous_0)
DA:5,3
DA:7,3
DA:12,3
LF:3
LH:3
BRF:0
BRH:0
end_of_record
TN:
SF:src/extensions/rxjs/internal/Observable.ts
FN:7,(anonymous_0)
FN:12,(anonymous_1)
FN:20,(anonymous_2)
FN:23,(anonymous_3)
FN:30,(anonymous_4)
FNF:5
FNH:5
FNDA:8,(anonymous_0)
FNDA:8,(anonymous_1)
FNDA:4,(anonymous_2)
FNDA:5,(anonymous_3)
FNDA:1,(anonymous_4)
DA:1,4
DA:7,4
DA:11,8
DA:18,8
DA:21,4
DA:24,5
DA:30,4
DA:33,1
LF:8
LH:8
BRDA:24,0,0,5
BRDA:24,0,1,1
BRF:2
BRH:2
end_of_record
TN:
SF:src/modules/Files.ts
FN:56,(anonymous_0)
FN:68,(anonymous_1)
FN:78,(anonymous_3)
FN:79,(anonymous_4)
FN:84,(anonymous_5)
FN:90,(anonymous_6)
FN:105,(anonymous_7)
FN:114,(anonymous_8)
FN:137,(anonymous_9)
FN:146,(anonymous_10)
FN:156,(anonymous_11)
FN:164,(anonymous_12)
FN:165,(anonymous_13)
FN:178,(anonymous_14)
FN:187,(anonymous_15)
FN:227,(anonymous_16)
FN:234,(anonymous_17)
FNF:17
FNH:16
FNDA:4,(anonymous_0)
FNDA:29,(anonymous_1)
FNDA:4,(anonymous_3)
FNDA:4,(anonymous_4)
FNDA:29,(anonymous_5)
FNDA:29,(anonymous_6)
FNDA:0,(anonymous_7)
FNDA:29,(anonymous_8)
FNDA:25,(anonymous_9)
FNDA:4,(anonymous_10)
FNDA:29,(anonymous_11)
FNDA:1,(anonymous_12)
FNDA:17,(anonymous_13)
FNDA:1,(anonymous_14)
FNDA:9,(anonymous_15)
FNDA:3,(anonymous_16)
FNDA:5,(anonymous_17)
DA:1,3
DA:15,3
DA:48,3
DA:62,4
DA:63,4
DA:64,4
DA:65,4
DA:69,29
DA:71,29
DA:72,29
DA:75,29
DA:79,4
DA:80,4
DA:81,4
DA:82,4
DA:84,4
DA:85,29
DA:87,29
DA:89,29
DA:91,29
DA:96,29
DA:97,29
DA:99,29
DA:100,25
DA:102,4
DA:106,0
DA:110,4
DA:118,29
DA:120,29
DA:138,25
DA:139,25
DA:141,25
DA:155,4
DA:157,29
DA:165,17
DA:167,1
DA:187,1
DA:188,9
DA:196,1
DA:197,1
DA:200,1
DA:216,3
DA:224,3
DA:228,3
DA:247,4
DA:248,5
DA:250,4
DA:255,4
DA:262,4
DA:278,3
LF:50
LH:49
BRDA:71,0,0,29
BRDA:99,1,0,25
BRDA:99,1,1,4
BRDA:196,2,0,1
BRDA:236,3,0,1
BRDA:237,4,0,0
BRDA:238,5,0,0
BRDA:239,6,0,0
BRDA:240,7,0,0
BRDA:241,8,0,0
BRF:10
BRH:5
end_of_record
TN:
SF:src/modules/Records.ts
FN:28,(anonymous_0)
FN:32,(anonymous_1)
FN:50,(anonymous_2)
FN:51,(anonymous_3)
FN:52,(anonymous_4)
FN:53,(anonymous_5)
FNF:6
FNH:2
FNDA:3,(anonymous_0)
FNDA:5,(anonymous_1)
FNDA:0,(anonymous_2)
FNDA:0,(anonymous_3)
FNDA:0,(anonymous_4)
FNDA:0,(anonymous_5)
DA:3,3
DA:25,3
DA:29,3
DA:35,5
DA:36,5
DA:38,5
DA:56,3
LF:7
LH:7
BRDA:33,0,0,0
BRDA:34,1,0,1
BRDA:35,2,0,1
BRF:3
BRH:2
end_of_record
TN:
SF:src/utils/core.ts
FN:7,isRequired
FNF:1
FNH:1
FNDA:1,isRequired
DA:4,3
DA:7,3
DA:8,1
LF:3
LH:3
BRDA:5,0,0,3
BRDA:5,0,1,3
BRF:2
BRH:2
end_of_record
